{"level":"info","message":"","timestamp":"2014-04-01T11:01:30.162Z"}
{"level":"info","message":"Test1: to check the sum value is 5","timestamp":"2014-04-01T11:01:30.174Z"}
{"level":"info","message":"Test2: to check the earth is round","timestamp":"2014-04-01T11:01:30.177Z"}
{"level":"info","message":"Test1: to check the sum value is 5","timestamp":"2014-04-01T11:01:30.177Z"}
{"level":"info","message":"Test2: to check the earth is round","timestamp":"2014-04-01T11:01:30.177Z"}
{"level":"info","message":"","timestamp":"2014-04-01T11:02:36.022Z"}
{"level":"info","message":"Test1: to check the sum value is 5","timestamp":"2014-04-01T11:02:36.033Z"}
{"level":"info","message":"Test2: to check the earth is round","timestamp":"2014-04-01T11:02:36.036Z"}
{"level":"info","message":"Test1: to check the sum value is 5","timestamp":"2014-04-01T11:02:36.036Z"}
{"level":"info","message":"Test2: to check the earth is round","timestamp":"2014-04-01T11:02:36.036Z"}
{"level":"info","message":"Test1: to check the sum value is 5","timestamp":"2014-04-01T11:02:40.203Z"}
{"level":"info","message":"Test2: to check the earth is round","timestamp":"2014-04-01T11:02:40.218Z"}
{"level":"info","message":"Test1: to check the sum value is 5","timestamp":"2014-04-01T11:14:46.700Z"}
{"level":"info","message":"Test1: to check the sum value is 5","timestamp":"2014-04-01T11:15:51.357Z"}
{"level":"info","message":"Test2: to check the earth is round","timestamp":"2014-04-01T11:15:51.360Z"}
{"level":"info","message":"","timestamp":"2014-04-01T12:22:39.629Z"}
{"level":"info","message":"Test2: to check the earth is round","timestamp":"2014-04-01T12:22:39.740Z"}
{"level":"info","message":"Test2: to check the earth is round","timestamp":"2014-04-01T12:22:39.742Z"}
{"level":"info","message":"Test1: to check the sum value is 5","timestamp":"2014-04-01T12:22:39.743Z"}
{"level":"info","message":"Test2: to check the earth is round","timestamp":"2014-04-01T12:22:39.743Z"}
{"level":"info","message":"Test1: to check the sum value is 5","timestamp":"2014-04-01T12:23:59.868Z"}
{"level":"info","message":"Test2: to check the earth is round","timestamp":"2014-04-01T12:23:59.872Z"}
{"level":"info","message":"Test2: to check the earth is round","timestamp":"2014-04-01T12:23:59.875Z"}
{"level":"info","message":"","timestamp":"2014-04-01T12:24:47.625Z"}
{"level":"info","message":"Test1: to check the sum value is 5","timestamp":"2014-04-01T12:24:47.636Z"}
{"level":"info","message":"Test2: to check the earth is round","timestamp":"2014-04-01T12:24:47.639Z"}
{"level":"info","message":"Test2: to check the earth is round","timestamp":"2014-04-01T12:24:47.639Z"}
{"level":"info","message":"Test1: to check the sum value is 5","timestamp":"2014-04-01T12:24:47.640Z"}
{"level":"info","message":"Test2: to check the earth is round","timestamp":"2014-04-01T12:24:47.640Z"}
{"level":"info","message":"","timestamp":"2014-04-01T12:24:54.762Z"}
{"level":"info","message":"Test1: to check the sum value is 5","timestamp":"2014-04-01T12:24:54.772Z"}
{"level":"info","message":"Test2: to check the earth is round","timestamp":"2014-04-01T12:24:54.774Z"}
{"level":"info","message":"Test2: to check the earth is round","timestamp":"2014-04-01T12:24:54.775Z"}
{"level":"info","message":"Test1: to check the sum value is 5","timestamp":"2014-04-01T12:24:54.775Z"}
{"level":"info","message":"Test2: to check the earth is round","timestamp":"2014-04-01T12:24:54.775Z"}
{"level":"info","message":"","timestamp":"2014-04-01T12:27:43.074Z"}
{"level":"info","message":"Test1: to check the sum value is 5","timestamp":"2014-04-01T12:27:43.084Z"}
{"level":"info","message":"Test2: to check the earth is round","timestamp":"2014-04-01T12:27:43.087Z"}
{"level":"info","message":"Test2: to check the earth is round","timestamp":"2014-04-01T12:27:43.088Z"}
{"level":"info","message":"Test1: to check the sum value is 5","timestamp":"2014-04-01T12:27:43.089Z"}
{"level":"info","message":"Test2: to check the earth is round","timestamp":"2014-04-01T12:27:43.090Z"}
{"level":"info","message":"","timestamp":"2014-04-02T06:17:48.211Z"}
{"level":"info","message":"Test1: first test case started","timestamp":"2014-04-22T05:33:52.176Z"}
{"level":"info","message":"Test1: first test case started","timestamp":"2014-04-22T06:28:25.773Z"}
{"level":"info","message":"Test2: second test case started","timestamp":"2014-04-22T06:28:25.781Z"}
{"level":"info","message":"Test1: first test case started","timestamp":"2014-04-22T06:28:25.793Z"}
{"level":"info","message":"Test2: second test case started","timestamp":"2014-04-22T06:28:25.796Z"}
{"level":"info","message":"Sample Test: first test case started","timestamp":"2014-04-22T06:28:25.797Z"}
